<?xml version="1.0" encoding="utf-8"?><testsuites><testsuite name="pytest" errors="0" failures="0" skipped="2" tests="9" time="11.189" timestamp="2025-05-27T14:02:48.856791+05:30" hostname="DESKTOP-2BOS7UD"><testcase classname="tests.unit_tests.test_dataprocessor" name="test_data_ingestion" time="5.863" /><testcase classname="tests.unit_tests.test_dataprocessor" name="test_dataprocessor_init" time="0.114" /><testcase classname="tests.unit_tests.test_dataprocessor" name="test_column_transformations" time="0.184" /><testcase classname="tests.unit_tests.test_dataprocessor" name="test_missing_value_handling" time="0.139" /><testcase classname="tests.unit_tests.test_dataprocessor" name="test_column_selection" time="0.143" /><testcase classname="tests.unit_tests.test_dataprocessor" name="test_split_data_default_params" time="0.154" /><testcase classname="tests.unit_tests.test_dataprocessor" name="test_preprocess_empty_dataframe" time="0.003" /><testcase classname="tests.unit_tests.test_dataprocessor" name="test_save_to_catalog_succesfull" time="0.001"><skipped type="pytest.skip" message="depends on delta tables on Databricks">C:\Madhu\2025_UK\MLOps\Marvelos\MLOpsProjects\endtoendbankmarketing\marvelous-databricks-course-smadhubalan22\tests\unit_tests\test_dataprocessor.py:135: depends on delta tables on Databricks</skipped></testcase><testcase classname="tests.unit_tests.test_dataprocessor" name="test_delta_table_property_of_enableChangeDataFeed_check" time="0.339"><skipped type="pytest.skip" message="depends on delta tables on Databrics">C:\Madhu\2025_UK\MLOps\Marvelos\MLOpsProjects\endtoendbankmarketing\marvelous-databricks-course-smadhubalan22\tests\unit_tests\test_dataprocessor.py:159: depends on delta tables on Databrics</skipped></testcase></testsuite></testsuites>