<?xml version="1.0" encoding="utf-8"?><testsuites><testsuite name="pytest" errors="0" failures="0" skipped="2" tests="9" time="31.839" timestamp="2025-05-26T23:00:21.998999+05:30" hostname="DESKTOP-2BOS7UD"><testcase classname="tests.unit_tests.test_dataprocessor" name="test_data_ingestion" time="15.213" /><testcase classname="tests.unit_tests.test_dataprocessor" name="test_dataprocessor_init" time="0.394" /><testcase classname="tests.unit_tests.test_dataprocessor" name="test_column_transformations" time="0.550" /><testcase classname="tests.unit_tests.test_dataprocessor" name="test_missing_value_handling" time="0.595" /><testcase classname="tests.unit_tests.test_dataprocessor" name="test_column_selection" time="0.417" /><testcase classname="tests.unit_tests.test_dataprocessor" name="test_split_data_default_params" time="0.453" /><testcase classname="tests.unit_tests.test_dataprocessor" name="test_preprocess_empty_dataframe" time="0.006" /><testcase classname="tests.unit_tests.test_dataprocessor" name="test_save_to_catalog_succesfull" time="0.002"><skipped type="pytest.skip" message="depends on delta tables on Databricks">C:\Madhu\2025_UK\MLOps\Marvelos\MLOpsProjects\endtoendbankmarketing\marvelous-databricks-course-smadhubalan22\tests\unit_tests\test_dataprocessor.py:135: depends on delta tables on Databricks</skipped></testcase><testcase classname="tests.unit_tests.test_dataprocessor" name="test_delta_table_property_of_enableChangeDataFeed_check" time="0.522"><skipped type="pytest.skip" message="depends on delta tables on Databrics">C:\Madhu\2025_UK\MLOps\Marvelos\MLOpsProjects\endtoendbankmarketing\marvelous-databricks-course-smadhubalan22\tests\unit_tests\test_dataprocessor.py:159: depends on delta tables on Databrics</skipped></testcase></testsuite></testsuites>